<?xml version="1.0" encoding="UTF-8"?>
<!-- Generated by org.testng.reporters.JUnitReportReporter -->
<testsuite hostname="MAVBCP3528" failures="0" tests="2" name="com.testng.examples.CromeBrowserScript" time="31.990" errors="0" timestamp="2021-10-07T15:46:11 IST" skipped="0">
  <testcase classname="com.testng.examples.CromeBrowserScript" name="testParameterWithXML" time="17.404"/>
  <system-out/>
  <testcase classname="com.testng.examples.CromeBrowserScript" name="testParameterWithXML" time="14.586"/>
  <system-out/>
</testsuite> <!-- com.testng.examples.CromeBrowserScript -->
