<?xml version="1.0" encoding="UTF-8"?>
<!-- Generated by org.testng.reporters.JUnitReportReporter -->
<testsuite skipped="0" hostname="MAVBCP3528" name="com.testng.examples.SearchDelete" tests="4" failures="0" timestamp="2021-10-16T12:35:25 IST" time="23.560" errors="0">
  <testcase name="click_on_logs_button" time="5.945" classname="com.testng.examples.SearchDelete"/>
  <system-out/>
  <testcase name="search_product" time="10.042" classname="com.testng.examples.SearchDelete"/>
  <system-out/>
  <testcase name="delete_product" time="6.259" classname="com.testng.examples.SearchDelete"/>
  <system-out/>
  <testcase name="close_brows" time="1.314" classname="com.testng.examples.SearchDelete"/>
  <system-out/>
</testsuite> <!-- com.testng.examples.SearchDelete -->
