<?xml version="1.0" encoding="UTF-8"?>
<!-- Generated by org.testng.reporters.JUnitReportReporter -->
<testsuite hostname="MAVBCP3528" failures="0" tests="1" name="com.selenium.examples.RobotExample1" time="23.209" errors="0" timestamp="2021-10-08T12:09:25 IST" skipped="0">
  <testcase classname="com.selenium.examples.RobotExample1" name="robot1" time="23.209"/>
  <system-out/>
</testsuite> <!-- com.selenium.examples.RobotExample1 -->
