<?xml version="1.0" encoding="UTF-8"?>
<!-- Generated by org.testng.reporters.JUnitReportReporter -->
<testsuite hostname="MAVBCP3528" failures="0" tests="1" name="com.selenium.examples.RecorderScript" time="16.700" errors="0" timestamp="2021-10-08T11:34:27 IST" skipped="0">
  <testcase classname="com.selenium.examples.RecorderScript" name="testParameterWithXML" time="16.700"/>
  <system-out/>
</testsuite> <!-- com.selenium.examples.RecorderScript -->
