<?xml version="1.0" encoding="UTF-8"?>
<!-- Generated by org.testng.reporters.JUnitReportReporter -->
<testsuite hostname="MAVBCP3528" failures="0" tests="1" name="com.selenium.examples.MultipleTestNG7" time="15.031" errors="0" timestamp="2021-10-07T09:32:44 IST" skipped="0">
  <testcase classname="com.selenium.examples.MultipleTestNG7" name="alertHandling" time="15.031"/>
  <system-out/>
</testsuite> <!-- com.selenium.examples.MultipleTestNG7 -->
