<?xml version="1.0" encoding="UTF-8"?>
<!-- Generated by org.testng.reporters.JUnitReportReporter -->
<testsuite skipped="0" hostname="MAVBCP3528" name="com.selenium.examples.IndividualLogin" tests="2" failures="0" timestamp="2021-10-18T13:10:53 IST" time="48.106" errors="0">
  <testcase name="logintest" time="25.348" classname="com.selenium.examples.IndividualLogin"/>
  <system-out/>
  <testcase name="logintest" time="22.758" classname="com.selenium.examples.IndividualLogin"/>
  <system-out/>
</testsuite> <!-- com.selenium.examples.IndividualLogin -->
