<?xml version="1.0" encoding="UTF-8"?>
<!-- Generated by org.testng.reporters.JUnitReportReporter -->
<testsuite hostname="MAVBCP3528" failures="0" tests="4" name="com.testng.examples.ParallelTest" time="8.770" errors="0" timestamp="2021-10-07T16:19:06 IST" skipped="0">
  <testcase classname="com.testng.examples.ParallelTest" name="login_TestCase" time="2.457"/>
  <system-out/>
  <testcase classname="com.testng.examples.ParallelTest" name="login_TestCase" time="2.397"/>
  <system-out/>
  <testcase classname="com.testng.examples.ParallelTest" name="search_TestCase" time="2.671"/>
  <system-out/>
  <testcase classname="com.testng.examples.ParallelTest" name="search_TestCase" time="1.245"/>
  <system-out/>
</testsuite> <!-- com.testng.examples.ParallelTest -->
