<?xml version="1.0" encoding="UTF-8"?>
<!-- Generated by org.testng.reporters.JUnitReportReporter -->
<testsuite skipped="0" hostname="MAVBCP3528" name="com.selenium.examples.IndividualLogin" tests="1" failures="0" timestamp="2021-10-18T12:38:23 IST" time="19.670" errors="0">
  <testcase name="logintest" time="19.670" classname="com.selenium.examples.IndividualLogin"/>
  <system-out/>
</testsuite> <!-- com.selenium.examples.IndividualLogin -->
