<?xml version="1.0" encoding="UTF-8"?>
<!-- Generated by org.testng.reporters.JUnitReportReporter -->
<testsuite hostname="MAVBCP3528" failures="0" tests="1" name="com.selenium.examples.VerifyWordPressLogin" time="23.235" errors="0" timestamp="2021-10-07T10:31:06 IST" skipped="0">
  <testcase classname="com.selenium.examples.VerifyWordPressLogin" name="verifyValidLogin" time="23.235"/>
  <system-out/>
</testsuite> <!-- com.selenium.examples.VerifyWordPressLogin -->
