<?xml version="1.0" encoding="UTF-8"?>
<!-- Generated by org.testng.reporters.JUnitReportReporter -->
<testsuite hostname="MAVBCP3528" failures="0" tests="1" name="com.selenium.examples.IndividualLogin" time="59.812" errors="0" timestamp="2021-10-11T12:55:22 IST" skipped="0">
  <testcase classname="com.selenium.examples.IndividualLogin" name="logintest" time="59.812"/>
  <system-out/>
</testsuite> <!-- com.selenium.examples.IndividualLogin -->
