<?xml version="1.0" encoding="UTF-8"?>
<!-- Generated by org.testng.reporters.JUnitReportReporter -->
<testsuite skipped="0" hostname="MAVBCP3528" name="com.selenium.examples.WaitTest" tests="1" failures="0" timestamp="2021-10-13T09:54:15 IST" time="43.850" errors="0">
  <testcase name="testUntitled" time="43.850" classname="com.selenium.examples.WaitTest"/>
  <system-out/>
</testsuite> <!-- com.selenium.examples.WaitTest -->
