<?xml version="1.0" encoding="UTF-8"?>
<!-- Generated by org.testng.reporters.JUnitReportReporter -->
<testsuite hostname="MAVBCP3528" failures="0" tests="1" name="com.selenium.examples.TestNGProject2" time="15.622" errors="0" timestamp="2021-10-06T21:01:29 IST" skipped="0">
  <testcase classname="com.selenium.examples.TestNGProject2" name="dropdown" time="15.622"/>
  <system-out/>
</testsuite> <!-- com.selenium.examples.TestNGProject2 -->
