<?xml version="1.0" encoding="UTF-8"?>
<!-- Generated by org.testng.reporters.JUnitReportReporter -->
<testsuite hostname="MAVBCP3528" failures="0" tests="1" name="com.selenium.examples.AlertTestNG6" time="16.894" errors="0" timestamp="2021-10-07T17:00:20 IST" skipped="0">
  <testcase classname="com.selenium.examples.AlertTestNG6" name="alertHandling" time="16.894"/>
  <system-out/>
</testsuite> <!-- com.selenium.examples.AlertTestNG6 -->
